2022-02-05 15:05:28,964 | torch.Size([70092, 14])
2022-02-05 15:05:28,965 | 35046, 17523, 17523
2022-02-05 15:05:29,251 | model: Transformer
2022-02-05 15:37:46,956 | model state_dict has been saved in logs\model_Transformer\hidden_size_32\bidirectional_True\num_layers_1\dropout_0.2\n_epoch_30\loss_Huber/best.pth.tar
2022-02-05 15:37:46,960 | 
2022-02-05 15:38:16,186 | 
2022-02-05 15:38:16,186 | 1****************************************************************************************************

2022-02-05 16:10:52,369 | 
2022-02-05 16:11:21,299 | 
2022-02-05 16:11:21,300 | 2****************************************************************************************************

2022-02-05 16:43:48,301 | 
2022-02-05 16:44:17,183 | 
2022-02-05 16:44:17,184 | 3****************************************************************************************************

2022-02-05 17:16:45,755 | 
2022-02-05 17:17:14,964 | 
2022-02-05 17:17:14,964 | 4****************************************************************************************************

2022-02-05 17:49:48,083 | model state_dict has been saved in logs\model_Transformer\hidden_size_32\bidirectional_True\num_layers_1\dropout_0.2\n_epoch_30\loss_Huber/best.pth.tar
2022-02-05 17:49:48,084 | 
2022-02-05 17:50:17,093 | 
2022-02-05 17:50:17,094 | 5****************************************************************************************************

2022-02-05 18:22:45,309 | 
2022-02-05 18:23:14,422 | 
2022-02-05 18:23:14,422 | 6****************************************************************************************************

