2022-02-01 18:17:56,334 | torch.Size([70092, 14])
2022-02-01 18:17:56,335 | 35046, 17523, 17523
2022-02-01 18:17:56,454 | model: AttentionSeq2Seq
2022-02-01 18:27:44,897 | model state_dict has been saved in logs\model_AttentionSeq2Seq\hidden_size_32\bidirectional_False\num_layers_1\dropout_0.2\n_epoch_30\loss_Huber/best.pth.tar
2022-02-01 18:27:44,898 | 
2022-02-01 18:28:23,342 | 
2022-02-01 18:28:23,342 | 1****************************************************************************************************

2022-02-01 18:38:10,255 | 
2022-02-01 18:38:48,506 | 
2022-02-01 18:38:48,507 | 2****************************************************************************************************

2022-02-01 18:48:35,669 | 
2022-02-01 18:49:14,298 | 
2022-02-01 18:49:14,298 | 3****************************************************************************************************

2022-02-01 18:59:00,996 | 
2022-02-01 18:59:39,156 | 
2022-02-01 18:59:39,156 | 4****************************************************************************************************

2022-02-01 19:09:24,101 | 
2022-02-01 19:10:03,666 | 
2022-02-01 19:10:03,666 | 5****************************************************************************************************

2022-02-01 19:19:47,816 | 
2022-02-01 19:20:25,902 | 
2022-02-01 19:20:25,903 | 6****************************************************************************************************

2022-02-01 19:30:10,923 | 
2022-02-01 19:30:49,111 | 
2022-02-01 19:30:49,111 | 7****************************************************************************************************

2022-02-01 19:40:38,248 | 
2022-02-01 19:41:16,706 | 
2022-02-01 19:41:16,707 | 8****************************************************************************************************

2022-02-01 19:51:01,601 | 
2022-02-01 19:51:40,023 | 
2022-02-01 19:51:40,023 | 9****************************************************************************************************

2022-02-01 20:01:26,185 | 
2022-02-01 20:02:04,320 | 
2022-02-01 20:02:04,321 | 10****************************************************************************************************

2022-02-01 20:11:49,084 | 
2022-02-01 20:12:27,630 | 
2022-02-01 20:12:27,630 | 11****************************************************************************************************

2022-02-01 20:22:11,224 | 
2022-02-01 20:22:49,164 | 
2022-02-01 20:22:49,164 | 12****************************************************************************************************

2022-02-01 20:32:33,934 | 
2022-02-01 20:33:12,489 | 
2022-02-01 20:33:12,489 | 13****************************************************************************************************

2022-02-01 20:43:00,244 | 
2022-02-01 20:43:38,584 | 
2022-02-01 20:43:38,584 | 14****************************************************************************************************

2022-02-01 20:53:23,205 | 
2022-02-01 20:54:02,414 | 
2022-02-01 20:54:02,414 | 15****************************************************************************************************

2022-02-01 21:03:46,096 | 
2022-02-01 21:04:24,503 | 
2022-02-01 21:04:24,503 | 16****************************************************************************************************

2022-02-01 21:14:09,164 | 
2022-02-01 21:14:47,532 | 
2022-02-01 21:14:47,532 | 17****************************************************************************************************

2022-02-01 21:24:34,015 | 
2022-02-01 21:25:12,236 | 
2022-02-01 21:25:12,237 | 18****************************************************************************************************

2022-02-01 21:34:58,298 | 
2022-02-01 21:35:36,721 | 
2022-02-01 21:35:36,721 | 19****************************************************************************************************

2022-02-01 21:46:05,787 | 
2022-02-01 21:47:08,431 | 
2022-02-01 21:47:08,431 | 20****************************************************************************************************

2022-02-01 22:01:28,821 | 
2022-02-01 22:02:24,266 | 
2022-02-01 22:02:24,266 | 21****************************************************************************************************

2022-02-01 22:18:36,074 | 
2022-02-01 22:20:01,912 | 
2022-02-01 22:20:01,912 | 22****************************************************************************************************

2022-02-01 22:39:42,310 | 
2022-02-01 22:41:09,032 | 
2022-02-01 22:41:09,032 | 23****************************************************************************************************

2022-02-01 22:59:34,738 | 
2022-02-01 23:00:47,679 | 
2022-02-01 23:00:47,679 | 24****************************************************************************************************

2022-02-01 23:19:53,464 | 
2022-02-01 23:21:16,701 | 
2022-02-01 23:21:16,702 | 25****************************************************************************************************

2022-02-01 23:32:22,429 | 
2022-02-01 23:33:01,015 | 
2022-02-01 23:33:01,015 | 26****************************************************************************************************

2022-02-01 23:43:04,353 | 
2022-02-01 23:43:42,995 | 
2022-02-01 23:43:42,995 | 27****************************************************************************************************

2022-02-01 23:53:29,737 | 
2022-02-01 23:54:09,432 | 
2022-02-01 23:54:09,432 | 28****************************************************************************************************

2022-02-02 00:03:53,893 | 
2022-02-02 00:04:32,188 | 
2022-02-02 00:04:32,188 | 29****************************************************************************************************

2022-02-02 00:14:16,945 | 
2022-02-02 00:14:55,032 | 
2022-02-02 00:14:55,032 | 30****************************************************************************************************

2022-02-02 00:14:55,032 | log dir:logs\model_AttentionSeq2Seq\hidden_size_32\bidirectional_False\num_layers_1\dropout_0.2\n_epoch_30\loss_Huber
2022-02-02 00:14:55,040 | model state_dict has been saved in logs\model_AttentionSeq2Seq\hidden_size_32\bidirectional_False\num_layers_1\dropout_0.2\n_epoch_30\loss_Huber/last.pth.tar
