2022-02-02 10:42:42,412 | torch.Size([70092, 14])
2022-02-02 10:42:42,412 | 35046, 17523, 17523
2022-02-02 10:42:42,535 | model: AttentionSeq2Seq
2022-02-02 10:53:01,493 | model state_dict has been saved in logs\model_AttentionSeq2Seq\hidden_size_32\bidirectional_True\num_layers_1\dropout_0.2\n_epoch_30\loss_Huber/best.pth.tar
2022-02-02 10:53:01,495 | 
2022-02-02 10:54:20,292 | 
2022-02-02 10:54:20,293 | 1****************************************************************************************************

2022-02-02 11:09:27,463 | 
2022-02-02 11:10:39,699 | 
2022-02-02 11:10:39,701 | 2****************************************************************************************************

2022-02-02 11:26:08,161 | 
2022-02-02 11:27:17,118 | 
2022-02-02 11:27:17,119 | 3****************************************************************************************************

2022-02-02 11:38:57,704 | 
2022-02-02 11:39:40,925 | 
2022-02-02 11:39:40,925 | 4****************************************************************************************************

2022-02-02 11:50:43,411 | 
2022-02-02 11:51:33,399 | 
2022-02-02 11:51:33,399 | 5****************************************************************************************************

2022-02-02 12:03:13,165 | 
2022-02-02 12:04:02,689 | 
2022-02-02 12:04:02,689 | 6****************************************************************************************************

2022-02-02 12:18:27,751 | 
2022-02-02 12:19:30,566 | 
2022-02-02 12:19:30,566 | 7****************************************************************************************************

2022-02-02 12:32:14,343 | 
2022-02-02 12:32:57,320 | 
2022-02-02 12:32:57,320 | 8****************************************************************************************************

2022-02-02 12:43:11,879 | 
2022-02-02 12:43:55,117 | 
2022-02-02 12:43:55,117 | 9****************************************************************************************************

2022-02-02 12:54:07,396 | 
2022-02-02 12:54:50,586 | 
2022-02-02 12:54:50,586 | 10****************************************************************************************************

2022-02-02 13:05:02,907 | 
2022-02-02 13:05:46,925 | 
2022-02-02 13:05:46,926 | 11****************************************************************************************************

2022-02-02 13:16:00,795 | 
2022-02-02 13:16:44,550 | 
2022-02-02 13:16:44,551 | 12****************************************************************************************************

2022-02-02 13:26:57,896 | 
2022-02-02 13:27:41,579 | 
2022-02-02 13:27:41,580 | 13****************************************************************************************************

2022-02-02 13:37:55,757 | 
2022-02-02 13:38:39,618 | 
2022-02-02 13:38:39,618 | 14****************************************************************************************************

2022-02-02 13:48:52,676 | 
2022-02-02 13:49:35,903 | 
2022-02-02 13:49:35,903 | 15****************************************************************************************************

2022-02-02 13:59:48,332 | 
2022-02-02 14:00:31,721 | 
2022-02-02 14:00:31,721 | 16****************************************************************************************************

2022-02-02 14:10:43,816 | 
2022-02-02 14:11:27,898 | 
2022-02-02 14:11:27,900 | 17****************************************************************************************************

2022-02-02 14:21:39,587 | 
2022-02-02 14:22:23,570 | 
2022-02-02 14:22:23,570 | 18****************************************************************************************************

2022-02-02 14:32:37,445 | 
2022-02-02 14:33:21,376 | 
2022-02-02 14:33:21,376 | 19****************************************************************************************************

2022-02-02 14:43:37,370 | 
2022-02-02 14:44:21,323 | 
2022-02-02 14:44:21,323 | 20****************************************************************************************************

2022-02-02 14:54:32,868 | 
2022-02-02 14:55:16,485 | 
2022-02-02 14:55:16,485 | 21****************************************************************************************************

2022-02-02 15:05:26,605 | 
2022-02-02 15:06:09,891 | 
2022-02-02 15:06:09,892 | 22****************************************************************************************************

2022-02-02 15:16:21,654 | 
2022-02-02 15:17:05,073 | 
2022-02-02 15:17:05,073 | 23****************************************************************************************************

2022-02-02 15:27:16,577 | 
2022-02-02 15:28:00,390 | 
2022-02-02 15:28:00,390 | 24****************************************************************************************************

2022-02-02 15:38:13,108 | 
2022-02-02 15:38:57,417 | 
2022-02-02 15:38:57,418 | 25****************************************************************************************************

2022-02-02 15:49:09,817 | 
2022-02-02 15:49:53,469 | 
2022-02-02 15:49:53,470 | 26****************************************************************************************************

2022-02-02 16:00:05,097 | 
2022-02-02 16:00:48,776 | 
2022-02-02 16:00:48,776 | 27****************************************************************************************************

2022-02-02 16:11:02,675 | 
2022-02-02 16:11:46,464 | 
2022-02-02 16:11:46,464 | 28****************************************************************************************************

2022-02-02 16:22:02,056 | 
2022-02-02 16:22:45,591 | 
2022-02-02 16:22:45,592 | 29****************************************************************************************************

2022-02-02 16:33:00,530 | 
2022-02-02 16:33:43,904 | 
2022-02-02 16:33:43,904 | 30****************************************************************************************************

2022-02-02 16:33:43,904 | log dir:logs\model_AttentionSeq2Seq\hidden_size_32\bidirectional_True\num_layers_1\dropout_0.2\n_epoch_30\loss_Huber
2022-02-02 16:33:43,917 | model state_dict has been saved in logs\model_AttentionSeq2Seq\hidden_size_32\bidirectional_True\num_layers_1\dropout_0.2\n_epoch_30\loss_Huber/last.pth.tar
