2022-01-29 22:07:24,630 | torch.Size([70092, 14])
2022-01-29 22:07:24,631 | 35046, 17523, 17523
2022-01-29 22:07:24,789 | model: Seq2Seq
2022-01-29 22:28:03,436 | model state_dict has been saved in logs\model_Seq2Seq\hidden_size_32\bidirectional_True\num_layers_4\dropout_0.2\n_epoch_20/best.pth.tar
2022-01-29 22:31:01,095 | 1****************************************************************************************************

2022-01-29 22:50:26,504 | model state_dict has been saved in logs\model_Seq2Seq\hidden_size_32\bidirectional_True\num_layers_4\dropout_0.2\n_epoch_20/best.pth.tar
2022-01-29 22:52:22,904 | 2****************************************************************************************************

2022-01-29 23:05:31,591 | model state_dict has been saved in logs\model_Seq2Seq\hidden_size_32\bidirectional_True\num_layers_4\dropout_0.2\n_epoch_20/best.pth.tar
2022-01-29 23:07:19,160 | 3****************************************************************************************************

2022-01-29 23:22:16,535 | 4****************************************************************************************************

2022-01-29 23:37:19,504 | 5****************************************************************************************************

2022-01-29 23:52:12,331 | 6****************************************************************************************************

2022-01-30 09:09:51,016 | 7****************************************************************************************************

2022-01-30 09:24:53,301 | 8****************************************************************************************************

2022-01-30 09:39:54,267 | 9****************************************************************************************************

2022-01-30 09:54:54,487 | 10****************************************************************************************************

2022-01-30 10:09:57,029 | 11****************************************************************************************************

2022-01-30 10:24:56,642 | 12****************************************************************************************************

2022-01-30 10:39:57,293 | 13****************************************************************************************************

2022-01-30 10:56:34,175 | 14****************************************************************************************************

2022-01-30 11:19:08,249 | 15****************************************************************************************************

2022-01-30 11:50:53,109 | 16****************************************************************************************************

2022-01-30 12:38:20,190 | 17****************************************************************************************************

2022-01-30 13:03:53,111 | 18****************************************************************************************************

2022-01-30 13:19:02,842 | 19****************************************************************************************************

2022-01-30 13:34:15,334 | 20****************************************************************************************************

2022-01-30 13:34:15,392 | model state_dict has been saved in logs\model_Seq2Seq\hidden_size_32\bidirectional_True\num_layers_4\dropout_0.2\n_epoch_20/last.pth.tar
2022-01-30 13:34:15,654 | Using categorical units to plot a list of strings that are all parsable as floats or dates. If these strings should be plotted as numbers, cast to the appropriate data type before plotting.
2022-01-30 13:34:15,664 | Using categorical units to plot a list of strings that are all parsable as floats or dates. If these strings should be plotted as numbers, cast to the appropriate data type before plotting.
2022-01-30 13:34:15,669 | Using categorical units to plot a list of strings that are all parsable as floats or dates. If these strings should be plotted as numbers, cast to the appropriate data type before plotting.
2022-01-30 13:34:15,669 | Using categorical units to plot a list of strings that are all parsable as floats or dates. If these strings should be plotted as numbers, cast to the appropriate data type before plotting.
2022-01-30 13:34:15,671 | Using categorical units to plot a list of strings that are all parsable as floats or dates. If these strings should be plotted as numbers, cast to the appropriate data type before plotting.
2022-01-30 13:34:15,672 | Using categorical units to plot a list of strings that are all parsable as floats or dates. If these strings should be plotted as numbers, cast to the appropriate data type before plotting.
