2022-01-25 12:18:36,257 | torch.Size([70092, 14])
2022-01-25 12:18:36,257 | 35046, 17523, 17523
2022-01-25 12:31:58,358 | model state_dict has been saved in logs\model_gru\hidden_size_32\bidirectional_True\num_layers_4\dropout_0.5\n_epoch_40/best.pth.tar
2022-01-25 12:33:23,653 | 1****************************************************************************************************

2022-01-25 12:43:10,337 | model state_dict has been saved in logs\model_gru\hidden_size_32\bidirectional_True\num_layers_4\dropout_0.5\n_epoch_40/best.pth.tar
2022-01-25 12:44:22,229 | 2****************************************************************************************************

2022-01-25 12:53:53,533 | model state_dict has been saved in logs\model_gru\hidden_size_32\bidirectional_True\num_layers_4\dropout_0.5\n_epoch_40/best.pth.tar
2022-01-25 12:55:06,011 | 3****************************************************************************************************

2022-01-25 13:04:39,297 | model state_dict has been saved in logs\model_gru\hidden_size_32\bidirectional_True\num_layers_4\dropout_0.5\n_epoch_40/best.pth.tar
2022-01-25 13:05:50,366 | 4****************************************************************************************************

2022-01-25 13:16:35,372 | 5****************************************************************************************************

2022-01-25 13:26:07,783 | model state_dict has been saved in logs\model_gru\hidden_size_32\bidirectional_True\num_layers_4\dropout_0.5\n_epoch_40/best.pth.tar
2022-01-25 13:27:19,447 | 6****************************************************************************************************

2022-01-25 13:36:53,760 | model state_dict has been saved in logs\model_gru\hidden_size_32\bidirectional_True\num_layers_4\dropout_0.5\n_epoch_40/best.pth.tar
2022-01-25 13:38:05,524 | 7****************************************************************************************************

2022-01-25 13:47:36,210 | model state_dict has been saved in logs\model_gru\hidden_size_32\bidirectional_True\num_layers_4\dropout_0.5\n_epoch_40/best.pth.tar
2022-01-25 13:48:47,907 | 8****************************************************************************************************

2022-01-25 13:59:30,573 | 9****************************************************************************************************

2022-01-25 14:11:00,986 | 10****************************************************************************************************

2022-01-25 14:26:02,113 | 11****************************************************************************************************

2022-01-25 14:50:16,604 | 12****************************************************************************************************

2022-01-25 15:03:36,841 | 13****************************************************************************************************

2022-01-25 15:17:59,092 | 14****************************************************************************************************

2022-01-25 15:32:39,871 | 15****************************************************************************************************

2022-01-25 15:47:09,617 | 16****************************************************************************************************

2022-01-25 16:01:39,092 | 17****************************************************************************************************

2022-01-25 16:16:11,355 | 18****************************************************************************************************

2022-01-25 16:30:27,878 | 19****************************************************************************************************

2022-01-25 16:44:55,966 | 20****************************************************************************************************

2022-01-25 16:56:55,720 | 21****************************************************************************************************

2022-01-25 17:08:18,623 | 22****************************************************************************************************

2022-01-25 17:19:36,527 | 23****************************************************************************************************

2022-01-25 17:30:59,345 | 24****************************************************************************************************

2022-01-25 17:42:28,808 | 25****************************************************************************************************

2022-01-25 17:53:53,563 | 26****************************************************************************************************

2022-01-25 18:05:53,333 | 27****************************************************************************************************

2022-01-25 18:17:16,060 | 28****************************************************************************************************

2022-01-25 18:27:55,835 | 29****************************************************************************************************

2022-01-25 18:38:33,406 | 30****************************************************************************************************

2022-01-25 18:49:11,891 | 31****************************************************************************************************

2022-01-25 18:59:52,274 | 32****************************************************************************************************

2022-01-25 19:10:33,145 | 33****************************************************************************************************

2022-01-25 19:21:13,296 | 34****************************************************************************************************

2022-01-25 19:31:55,777 | 35****************************************************************************************************

2022-01-25 19:42:36,181 | 36****************************************************************************************************

2022-01-25 19:53:18,471 | 37****************************************************************************************************

2022-01-25 20:03:58,924 | 38****************************************************************************************************

2022-01-25 20:14:43,050 | 39****************************************************************************************************

2022-01-25 20:25:19,854 | 40****************************************************************************************************

2022-01-25 20:25:19,876 | model state_dict has been saved in logs\model_gru\hidden_size_32\bidirectional_True\num_layers_4\dropout_0.5\n_epoch_40/last.pth.tar
2022-01-25 20:25:20,012 | Using categorical units to plot a list of strings that are all parsable as floats or dates. If these strings should be plotted as numbers, cast to the appropriate data type before plotting.
2022-01-25 20:25:20,017 | Using categorical units to plot a list of strings that are all parsable as floats or dates. If these strings should be plotted as numbers, cast to the appropriate data type before plotting.
2022-01-25 20:25:20,019 | Using categorical units to plot a list of strings that are all parsable as floats or dates. If these strings should be plotted as numbers, cast to the appropriate data type before plotting.
2022-01-25 20:25:20,020 | Using categorical units to plot a list of strings that are all parsable as floats or dates. If these strings should be plotted as numbers, cast to the appropriate data type before plotting.
2022-01-25 20:25:20,021 | Using categorical units to plot a list of strings that are all parsable as floats or dates. If these strings should be plotted as numbers, cast to the appropriate data type before plotting.
2022-01-25 20:25:20,022 | Using categorical units to plot a list of strings that are all parsable as floats or dates. If these strings should be plotted as numbers, cast to the appropriate data type before plotting.
