2022-01-31 23:42:56,374 | torch.Size([70092, 14])
2022-01-31 23:42:56,374 | 35046, 17523, 17523
2022-01-31 23:42:56,551 | model: AttentionSeq2Seq
2022-02-01 00:02:52,626 | model state_dict has been saved in logs\model_AttentionSeq2Seq\hidden_size_32\bidirectional_False\num_layers_1\dropout_0.5\n_epoch_30/best.pth.tar
2022-02-01 00:04:13,463 | 1****************************************************************************************************

2022-02-01 00:20:33,862 | model state_dict has been saved in logs\model_AttentionSeq2Seq\hidden_size_32\bidirectional_False\num_layers_1\dropout_0.5\n_epoch_30/best.pth.tar
2022-02-01 00:21:39,760 | 2****************************************************************************************************

2022-02-01 00:37:38,168 | 3****************************************************************************************************

2022-02-01 00:59:45,678 | 4****************************************************************************************************

2022-02-01 01:18:28,088 | 5****************************************************************************************************

2022-02-01 01:33:04,025 | 6****************************************************************************************************

2022-02-01 01:36:22,089 | torch.Size([70092, 14])
2022-02-01 01:36:22,090 | 35046, 17523, 17523
2022-02-01 01:36:22,212 | model: AttentionSeq2Seq
2022-02-01 01:49:00,311 | model state_dict has been saved in logs\model_AttentionSeq2Seq\hidden_size_32\bidirectional_False\num_layers_1\dropout_0.5\n_epoch_30/best.pth.tar
2022-02-01 01:49:37,107 | 1****************************************************************************************************

2022-02-01 01:59:18,561 | model state_dict has been saved in logs\model_AttentionSeq2Seq\hidden_size_32\bidirectional_False\num_layers_1\dropout_0.5\n_epoch_30/best.pth.tar
2022-02-01 01:59:55,529 | 2****************************************************************************************************

2022-02-01 02:10:14,068 | 3****************************************************************************************************

2022-02-01 02:20:30,388 | 4****************************************************************************************************

2022-02-01 02:30:47,546 | 5****************************************************************************************************

2022-02-01 02:41:06,262 | 6****************************************************************************************************

2022-02-01 02:51:22,267 | 7****************************************************************************************************

2022-02-01 03:01:40,024 | 8****************************************************************************************************

2022-02-01 03:11:57,013 | 9****************************************************************************************************

2022-02-01 03:22:13,064 | 10****************************************************************************************************

2022-02-01 03:32:41,304 | 11****************************************************************************************************

2022-02-01 03:43:03,594 | 12****************************************************************************************************

2022-02-01 03:53:19,333 | 13****************************************************************************************************

2022-02-01 04:03:37,155 | 14****************************************************************************************************

2022-02-01 04:13:55,949 | 15****************************************************************************************************

2022-02-01 04:24:15,335 | 16****************************************************************************************************

2022-02-01 04:34:34,036 | 17****************************************************************************************************

2022-02-01 04:44:55,886 | 18****************************************************************************************************

2022-02-01 04:55:13,124 | 19****************************************************************************************************

2022-02-01 05:05:29,381 | 20****************************************************************************************************

2022-02-01 05:15:43,365 | 21****************************************************************************************************

2022-02-01 05:25:58,404 | 22****************************************************************************************************

2022-02-01 05:36:12,184 | 23****************************************************************************************************

2022-02-01 05:46:27,913 | 24****************************************************************************************************

2022-02-01 05:56:42,893 | 25****************************************************************************************************

2022-02-01 06:06:56,145 | 26****************************************************************************************************

2022-02-01 06:17:12,383 | 27****************************************************************************************************

2022-02-01 06:27:27,675 | 28****************************************************************************************************

2022-02-01 06:37:43,668 | 29****************************************************************************************************

2022-02-01 06:47:58,523 | 30****************************************************************************************************

2022-02-01 06:47:58,549 | model state_dict has been saved in logs\model_AttentionSeq2Seq\hidden_size_32\bidirectional_False\num_layers_1\dropout_0.5\n_epoch_30/last.pth.tar
