2022-01-26 11:17:07,363 | torch.Size([70092, 14])
2022-01-26 11:17:07,363 | 35046, 17523, 17523
2022-01-26 11:28:07,802 | model state_dict has been saved in logs\model_AttentionGRUV1\hidden_size_32\bidirectional_True\num_layers_4\dropout_0.5\n_epoch_40/best.pth.tar
2022-01-26 11:29:37,573 | 1****************************************************************************************************

2022-01-26 11:42:44,928 | model state_dict has been saved in logs\model_AttentionGRUV1\hidden_size_32\bidirectional_True\num_layers_4\dropout_0.5\n_epoch_40/best.pth.tar
2022-01-26 11:44:25,216 | 2****************************************************************************************************

2022-01-26 11:57:23,252 | model state_dict has been saved in logs\model_AttentionGRUV1\hidden_size_32\bidirectional_True\num_layers_4\dropout_0.5\n_epoch_40/best.pth.tar
2022-01-26 11:58:54,130 | 3****************************************************************************************************

2022-01-26 12:10:57,448 | 4****************************************************************************************************

2022-01-26 12:20:59,427 | model state_dict has been saved in logs\model_AttentionGRUV1\hidden_size_32\bidirectional_True\num_layers_4\dropout_0.5\n_epoch_40/best.pth.tar
2022-01-26 12:22:14,316 | 5****************************************************************************************************

2022-01-26 12:33:33,257 | 6****************************************************************************************************

2022-01-26 12:43:43,300 | model state_dict has been saved in logs\model_AttentionGRUV1\hidden_size_32\bidirectional_True\num_layers_4\dropout_0.5\n_epoch_40/best.pth.tar
2022-01-26 12:44:58,713 | 7****************************************************************************************************

2022-01-26 12:55:02,395 | model state_dict has been saved in logs\model_AttentionGRUV1\hidden_size_32\bidirectional_True\num_layers_4\dropout_0.5\n_epoch_40/best.pth.tar
2022-01-26 12:56:17,682 | 8****************************************************************************************************

2022-01-26 13:07:37,720 | 9****************************************************************************************************

2022-01-26 13:17:49,695 | model state_dict has been saved in logs\model_AttentionGRUV1\hidden_size_32\bidirectional_True\num_layers_4\dropout_0.5\n_epoch_40/best.pth.tar
2022-01-26 13:19:05,310 | 10****************************************************************************************************

2022-01-26 13:30:24,134 | 11****************************************************************************************************

2022-01-26 13:44:30,425 | 12****************************************************************************************************

2022-01-26 14:00:07,196 | 13****************************************************************************************************

2022-01-26 14:15:05,778 | 14****************************************************************************************************

2022-01-26 14:28:49,318 | 15****************************************************************************************************

2022-01-26 14:40:57,759 | 16****************************************************************************************************

2022-01-26 14:53:22,035 | 17****************************************************************************************************

2022-01-26 15:13:24,892 | 18****************************************************************************************************

2022-01-26 15:29:42,946 | 19****************************************************************************************************

2022-01-26 15:42:50,031 | 20****************************************************************************************************

2022-01-26 15:55:59,265 | 21****************************************************************************************************

2022-01-26 16:09:00,719 | 22****************************************************************************************************

2022-01-26 16:21:49,698 | 23****************************************************************************************************

2022-01-26 16:35:53,727 | 24****************************************************************************************************

2022-01-26 16:51:45,178 | 25****************************************************************************************************

2022-01-26 17:07:58,373 | 26****************************************************************************************************

2022-01-26 17:23:04,602 | 27****************************************************************************************************

2022-01-26 17:35:25,861 | 28****************************************************************************************************

2022-01-26 17:47:12,725 | 29****************************************************************************************************

2022-01-26 17:58:57,738 | 30****************************************************************************************************

2022-01-26 18:10:43,334 | 31****************************************************************************************************

2022-01-26 18:22:26,689 | 32****************************************************************************************************

2022-01-26 18:34:10,815 | 33****************************************************************************************************

2022-01-26 18:45:56,622 | 34****************************************************************************************************

2022-01-26 18:57:44,089 | 35****************************************************************************************************

2022-01-26 19:09:32,637 | 36****************************************************************************************************

2022-01-26 19:21:19,975 | 37****************************************************************************************************

2022-01-26 19:33:05,505 | 38****************************************************************************************************

2022-01-26 19:44:51,912 | 39****************************************************************************************************

2022-01-26 19:56:39,399 | 40****************************************************************************************************

2022-01-26 19:56:39,436 | model state_dict has been saved in logs\model_AttentionGRUV1\hidden_size_32\bidirectional_True\num_layers_4\dropout_0.5\n_epoch_40/last.pth.tar
2022-01-26 19:56:39,647 | Using categorical units to plot a list of strings that are all parsable as floats or dates. If these strings should be plotted as numbers, cast to the appropriate data type before plotting.
2022-01-26 19:56:39,653 | Using categorical units to plot a list of strings that are all parsable as floats or dates. If these strings should be plotted as numbers, cast to the appropriate data type before plotting.
2022-01-26 19:56:39,657 | Using categorical units to plot a list of strings that are all parsable as floats or dates. If these strings should be plotted as numbers, cast to the appropriate data type before plotting.
2022-01-26 19:56:39,659 | Using categorical units to plot a list of strings that are all parsable as floats or dates. If these strings should be plotted as numbers, cast to the appropriate data type before plotting.
2022-01-26 19:56:39,660 | Using categorical units to plot a list of strings that are all parsable as floats or dates. If these strings should be plotted as numbers, cast to the appropriate data type before plotting.
2022-01-26 19:56:39,662 | Using categorical units to plot a list of strings that are all parsable as floats or dates. If these strings should be plotted as numbers, cast to the appropriate data type before plotting.
